<?xml version="1.0" encoding="UTF-8"?>
<!-- Generated by org.testng.reporters.JUnitReportReporter -->
<testsuite hostname="DESKTOP-0K6A00Q" failures="0" tests="3" name="TESTNG.testNG_priority" time="0.017" errors="0" timestamp="2022-07-27T14:45:05 IST" skipped="0">
  <testcase classname="TESTNG.testNG_priority" name="a" time="0.013"/>
  <system-out/>
  <testcase classname="TESTNG.testNG_priority" name="c" time="0.002"/>
  <system-out/>
  <testcase classname="TESTNG.testNG_priority" name="d" time="0.002"/>
  <system-out/>
</testsuite> <!-- TESTNG.testNG_priority -->
