<?xml version="1.0" encoding="UTF-8"?>
<!-- Generated by org.testng.reporters.JUnitReportReporter -->
<testsuite hostname="DESKTOP-0K6A00Q" failures="0" tests="1" name="TESTNG.testNG_1" time="15.036" errors="0" timestamp="2022-07-26T15:44:23 IST" skipped="0">
  <testcase classname="TESTNG.testNG_1" name="M2" time="15.036"/>
  <system-out/>
</testsuite> <!-- TESTNG.testNG_1 -->
